build/app/intermediates/manifest_merge_blame_file/debug/manifest-merger-blame-debug-report.txt
1<?xml version="1.0" encoding="utf-8"?>
2<manifest xmlns:android="http://schemas.android.com/apk/res/android"
3    package="com.dsc.passman"
4    android:versionCode="1"
5    android:versionName="1.0.0" >
6
7    <uses-sdk
8        android:minSdkVersion="16"
9        android:targetSdkVersion="30" />
10    <!--
11         Flutter needs it to communicate with the running application
12         to allow setting breakpoints, to provide hot reload, etc.
13    -->
14    <uses-permission android:name="android.permission.INTERNET" />
14-->src/debug/AndroidManifest.xml:6:5-66
14-->src/debug/AndroidManifest.xml:6:22-64
15    <uses-permission android:name="android.permission.ACCESS_NETWORK_STATE" />
15-->[com.google.android.gms:play-services-measurement-api:18.0.3] AndroidManifest.xml:23:5-79
15-->[com.google.android.gms:play-services-measurement-api:18.0.3] AndroidManifest.xml:23:22-76
16    <uses-permission android:name="android.permission.WAKE_LOCK" />
16-->[com.google.android.gms:play-services-measurement-api:18.0.3] AndroidManifest.xml:24:5-68
16-->[com.google.android.gms:play-services-measurement-api:18.0.3] AndroidManifest.xml:24:22-65
17    <uses-permission android:name="com.google.android.finsky.permission.BIND_GET_INSTALL_REFERRER_SERVICE" />
17-->[com.google.android.gms:play-services-measurement:18.0.3] AndroidManifest.xml:26:5-110
17-->[com.google.android.gms:play-services-measurement:18.0.3] AndroidManifest.xml:26:22-107
18
19    <application
19-->src/main/AndroidManifest.xml:3:4-40:19
20        android:appComponentFactory="androidx.core.app.CoreComponentFactory"
20-->[androidx.core:core:1.1.0] AndroidManifest.xml:24:18-86
21        android:debuggable="true"
22        android:icon="@mipmap/ic_launcher"
22-->src/main/AndroidManifest.xml:5:9-43
23        android:label="passman" >
23-->src/main/AndroidManifest.xml:4:9-32
24        <activity
24-->src/main/AndroidManifest.xml:6:9-34:20
25            android:name="com.dsc.passman.MainActivity"
25-->src/main/AndroidManifest.xml:7:13-41
26            android:configChanges="orientation|keyboardHidden|keyboard|screenSize|smallestScreenSize|locale|layoutDirection|fontScale|screenLayout|density|uiMode"
26-->src/main/AndroidManifest.xml:10:13-163
27            android:hardwareAccelerated="true"
27-->src/main/AndroidManifest.xml:11:13-47
28            android:launchMode="singleTop"
28-->src/main/AndroidManifest.xml:8:13-43
29            android:theme="@style/LaunchTheme"
29-->src/main/AndroidManifest.xml:9:13-47
30            android:windowSoftInputMode="adjustResize" >
30-->src/main/AndroidManifest.xml:12:13-55
31
32            <!--
33                 Specifies an Android theme to apply to this Activity as soon as
34                 the Android process has started. This theme is visible to the user
35                 while the Flutter UI initializes. After that, this theme continues
36                 to determine the Window background behind the Flutter UI.
37            -->
38            <meta-data
38-->src/main/AndroidManifest.xml:17:13-20:17
39                android:name="io.flutter.embedding.android.NormalTheme"
39-->src/main/AndroidManifest.xml:18:15-70
40                android:resource="@style/NormalTheme" />
40-->src/main/AndroidManifest.xml:19:15-52
41            <!--
42                 Displays an Android View that continues showing the launch screen
43                 Drawable until Flutter paints its first frame, then this splash
44                 screen fades out. A splash screen is useful to avoid any visual
45                 gap between the end of Android's launch screen and the painting of
46                 Flutter's first frame.
47            -->
48            <meta-data
48-->src/main/AndroidManifest.xml:26:13-29:17
49                android:name="io.flutter.embedding.android.SplashScreenDrawable"
49-->src/main/AndroidManifest.xml:27:15-79
50                android:resource="@drawable/launch_background" />
50-->src/main/AndroidManifest.xml:28:15-61
51
52            <intent-filter>
52-->src/main/AndroidManifest.xml:30:13-33:29
53                <action android:name="android.intent.action.MAIN" />
53-->src/main/AndroidManifest.xml:31:17-68
53-->src/main/AndroidManifest.xml:31:25-66
54
55                <category android:name="android.intent.category.LAUNCHER" />
55-->src/main/AndroidManifest.xml:32:17-76
55-->src/main/AndroidManifest.xml:32:27-74
56            </intent-filter>
57        </activity>
58        <!--
59             Don't delete the meta-data below.
60             This is used by the Flutter tool to generate GeneratedPluginRegistrant.java
61        -->
62        <meta-data
62-->src/main/AndroidManifest.xml:37:9-39:33
63            android:name="flutterEmbedding"
63-->src/main/AndroidManifest.xml:38:13-44
64            android:value="2" />
64-->src/main/AndroidManifest.xml:39:13-30
65
66        <service
66-->[com.google.firebase:firebase-analytics-ktx:18.0.3] AndroidManifest.xml:8:9-14:19
67            android:name="com.google.firebase.components.ComponentDiscoveryService"
67-->[com.google.firebase:firebase-analytics-ktx:18.0.3] AndroidManifest.xml:9:13-84
68            android:directBootAware="true"
68-->[com.google.firebase:firebase-common:19.5.0] AndroidManifest.xml:35:13-43
69            android:exported="false" >
69-->[com.google.firebase:firebase-analytics-ktx:18.0.3] AndroidManifest.xml:10:13-37
70            <meta-data
70-->[com.google.firebase:firebase-analytics-ktx:18.0.3] AndroidManifest.xml:11:13-13:85
71                android:name="com.google.firebase.components:com.google.firebase.analytics.ktx.FirebaseAnalyticsKtxRegistrar"
71-->[com.google.firebase:firebase-analytics-ktx:18.0.3] AndroidManifest.xml:12:17-126
72                android:value="com.google.firebase.components.ComponentRegistrar" />
72-->[com.google.firebase:firebase-analytics-ktx:18.0.3] AndroidManifest.xml:13:17-82
73            <meta-data
73-->[com.google.firebase:firebase-common-ktx:19.5.0] AndroidManifest.xml:15:13-17:85
74                android:name="com.google.firebase.components:com.google.firebase.ktx.FirebaseCommonKtxRegistrar"
74-->[com.google.firebase:firebase-common-ktx:19.5.0] AndroidManifest.xml:16:17-113
75                android:value="com.google.firebase.components.ComponentRegistrar" />
75-->[com.google.firebase:firebase-common-ktx:19.5.0] AndroidManifest.xml:17:17-82
76            <meta-data
76-->[com.google.android.gms:play-services-measurement-api:18.0.3] AndroidManifest.xml:30:13-32:85
77                android:name="com.google.firebase.components:com.google.firebase.analytics.connector.internal.AnalyticsConnectorRegistrar"
77-->[com.google.android.gms:play-services-measurement-api:18.0.3] AndroidManifest.xml:31:17-139
78                android:value="com.google.firebase.components.ComponentRegistrar" />
78-->[com.google.android.gms:play-services-measurement-api:18.0.3] AndroidManifest.xml:32:17-82
79            <meta-data
79-->[com.google.firebase:firebase-installations:16.3.5] AndroidManifest.xml:18:13-20:85
80                android:name="com.google.firebase.components:com.google.firebase.installations.FirebaseInstallationsRegistrar"
80-->[com.google.firebase:firebase-installations:16.3.5] AndroidManifest.xml:19:17-127
81                android:value="com.google.firebase.components.ComponentRegistrar" />
81-->[com.google.firebase:firebase-installations:16.3.5] AndroidManifest.xml:20:17-82
82            <!--
83                This registrar is not defined in the dynamic-module-support sdk itself to allow non-firebase
84                clients to use it as well, by defining this registrar in their own core/common library.
85            -->
86            <meta-data
86-->[com.google.firebase:firebase-common:19.5.0] AndroidManifest.xml:43:13-45:85
87                android:name="com.google.firebase.components:com.google.firebase.dynamicloading.DynamicLoadingRegistrar"
87-->[com.google.firebase:firebase-common:19.5.0] AndroidManifest.xml:44:17-121
88                android:value="com.google.firebase.components.ComponentRegistrar" />
88-->[com.google.firebase:firebase-common:19.5.0] AndroidManifest.xml:45:17-82
89        </service>
90
91        <provider
91-->[com.google.firebase:firebase-common:19.5.0] AndroidManifest.xml:26:9-31:39
92            android:name="com.google.firebase.provider.FirebaseInitProvider"
92-->[com.google.firebase:firebase-common:19.5.0] AndroidManifest.xml:27:13-77
93            android:authorities="com.dsc.passman.firebaseinitprovider"
93-->[com.google.firebase:firebase-common:19.5.0] AndroidManifest.xml:28:13-72
94            android:directBootAware="true"
94-->[com.google.firebase:firebase-common:19.5.0] AndroidManifest.xml:29:13-43
95            android:exported="false"
95-->[com.google.firebase:firebase-common:19.5.0] AndroidManifest.xml:30:13-37
96            android:initOrder="100" />
96-->[com.google.firebase:firebase-common:19.5.0] AndroidManifest.xml:31:13-36
97
98        <receiver
98-->[com.google.android.gms:play-services-measurement:18.0.3] AndroidManifest.xml:29:9-33:20
99            android:name="com.google.android.gms.measurement.AppMeasurementReceiver"
99-->[com.google.android.gms:play-services-measurement:18.0.3] AndroidManifest.xml:30:13-85
100            android:enabled="true"
100-->[com.google.android.gms:play-services-measurement:18.0.3] AndroidManifest.xml:31:13-35
101            android:exported="false" >
101-->[com.google.android.gms:play-services-measurement:18.0.3] AndroidManifest.xml:32:13-37
102        </receiver>
103
104        <service
104-->[com.google.android.gms:play-services-measurement:18.0.3] AndroidManifest.xml:35:9-38:40
105            android:name="com.google.android.gms.measurement.AppMeasurementService"
105-->[com.google.android.gms:play-services-measurement:18.0.3] AndroidManifest.xml:36:13-84
106            android:enabled="true"
106-->[com.google.android.gms:play-services-measurement:18.0.3] AndroidManifest.xml:37:13-35
107            android:exported="false" />
107-->[com.google.android.gms:play-services-measurement:18.0.3] AndroidManifest.xml:38:13-37
108        <service
108-->[com.google.android.gms:play-services-measurement:18.0.3] AndroidManifest.xml:39:9-43:72
109            android:name="com.google.android.gms.measurement.AppMeasurementJobService"
109-->[com.google.android.gms:play-services-measurement:18.0.3] AndroidManifest.xml:40:13-87
110            android:enabled="true"
110-->[com.google.android.gms:play-services-measurement:18.0.3] AndroidManifest.xml:41:13-35
111            android:exported="false"
111-->[com.google.android.gms:play-services-measurement:18.0.3] AndroidManifest.xml:42:13-37
112            android:permission="android.permission.BIND_JOB_SERVICE" />
112-->[com.google.android.gms:play-services-measurement:18.0.3] AndroidManifest.xml:43:13-69
113
114        <meta-data
114-->[com.google.android.gms:play-services-basement:17.0.0] AndroidManifest.xml:23:9-25:69
115            android:name="com.google.android.gms.version"
115-->[com.google.android.gms:play-services-basement:17.0.0] AndroidManifest.xml:24:13-58
116            android:value="@integer/google_play_services_version" />
116-->[com.google.android.gms:play-services-basement:17.0.0] AndroidManifest.xml:25:13-66
117    </application>
118
119</manifest>